生成启动时间为 2019/7/5 21:44:03。
     1>项目“D:\program\vs\mdst\ConsoleApplication1\ConsoleApplication1\ConsoleApplication1.vcxproj”在节点 2 上(Build 个目标)。
     1>ClCompile:
         D:\VS2013\install\VC\bin\x86_amd64\CL.exe /c /Zi /nologo /W3 /WX- /sdl /O2 /Oi /GL /D WIN32 /D NDEBUG /D _CONSOLE /D _LIB /D _UNICODE /D UNICODE /Gm- /EHsc /MD /GS /Gy /fp:precise /Zc:wchar_t /Zc:forScope /Fo"x64\Release\\" /Fd"x64\Release\vc120.pdb" /Gd /TP /errorReport:prompt t1.cpp
         t1.cpp
     1>D:\OPENCV\opencv\build\include\opencv2/core/mat.hpp(1965): warning C4819: 该文件包含不能在当前代码页(936)中表示的字符。请将该文件保存为 Unicode 格式以防止数据丢失
     1>D:\OPENCV\opencv\build\include\opencv2/core/persistence.hpp : warning C4819: 该文件包含不能在当前代码页(936)中表示的字符。请将该文件保存为 Unicode 格式以防止数据丢失
     1>D:\OPENCV\opencv\build\include\opencv2/core/utility.hpp : warning C4819: 该文件包含不能在当前代码页(936)中表示的字符。请将该文件保存为 Unicode 格式以防止数据丢失
     1>t1.cpp(31): warning C4244: “初始化”: 从“double”转换到“int”，可能丢失数据
     1>t1.cpp(64): warning C4244: “参数”: 从“double”转换到“const int”，可能丢失数据
     1>t1.cpp(65): warning C4244: “参数”: 从“double”转换到“const int”，可能丢失数据
     1>t1.cpp(74): warning C4244: “初始化”: 从“double”转换到“int”，可能丢失数据
     1>t1.cpp(83): warning C4244: “参数”: 从“double”转换到“int”，可能丢失数据
     1>t1.cpp(88): warning C4244: “初始化”: 从“double”转换到“int”，可能丢失数据
     1>t1.cpp(89): warning C4244: “初始化”: 从“double”转换到“int”，可能丢失数据
     1>t1.cpp(156): warning C4244: “参数”: 从“double”转换到“const int”，可能丢失数据
     1>t1.cpp(157): warning C4244: “参数”: 从“double”转换到“const int”，可能丢失数据
     1>t1.cpp(158): warning C4244: “参数”: 从“double”转换到“const int”，可能丢失数据
     1>t1.cpp(160): warning C4244: “参数”: 从“double”转换到“const int”，可能丢失数据
     1>t1.cpp(161): warning C4244: “参数”: 从“double”转换到“const int”，可能丢失数据
     1>t1.cpp(162): warning C4244: “参数”: 从“double”转换到“const int”，可能丢失数据
       Link:
         D:\VS2013\install\VC\bin\x86_amd64\link.exe /ERRORREPORT:PROMPT /OUT:"D:\program\vs\mdst\ConsoleApplication1\x64\Release\ConsoleApplication1.exe" /INCREMENTAL:NO /NOLOGO opencv_ts300.lib opencv_world300.lib GdiPlus.lib HCCore.lib HCNetSDK.lib PlayCtrl.lib HCAlarm.lib HCGeneralCfgMgr.lib HCPreview.lib opencv_aruco341.lib opencv_bgsegm341.lib opencv_bioinspired341.lib opencv_calib3d341.lib opencv_ccalib341.lib opencv_core341.lib opencv_datasets341.lib opencv_dnn341.lib opencv_dnn_objdetect341.lib opencv_dpm341.lib opencv_face341.lib opencv_features2d341.lib opencv_flann341.lib opencv_fuzzy341.lib opencv_hfs341.lib opencv_highgui341.lib opencv_imgcodecs341.lib opencv_imgproc341.lib opencv_img_hash341.lib opencv_line_descriptor341.lib opencv_ml341.lib opencv_objdetect341.lib opencv_optflow341.lib opencv_phase_unwrapping341.lib opencv_photo341.lib opencv_plot341.lib opencv_reg341.lib opencv_rgbd341.lib opencv_saliency341.lib opencv_shape341.lib opencv_stereo341.lib opencv_stitching341.lib opencv_structured_light341.lib opencv_superres341.lib opencv_surface_matching341.lib opencv_text341.lib opencv_tracking341.lib opencv_video341.lib opencv_videoio341.lib opencv_videostab341.lib opencv_viz341.lib opencv_xfeatures2d341.lib opencv_ximgproc341.lib opencv_xobjdetect341.lib opencv_xphoto341.lib mclmcrrt.lib libmat.lib libmx.lib kernel32.lib user32.lib gdi32.lib winspool.lib comdlg32.lib advapi32.lib shell32.lib ole32.lib oleaut32.lib uuid.lib odbc32.lib odbccp32.lib /MANIFEST /MANIFESTUAC:"level='asInvoker' uiAccess='false'" /manifest:embed /DEBUG /PDB:"D:\program\vs\mdst\ConsoleApplication1\x64\Release\ConsoleApplication1.pdb" /SUBSYSTEM:CONSOLE /OPT:REF /OPT:ICF /LTCG /TLBID:1 /DYNAMICBASE /NXCOMPAT /IMPLIB:"D:\program\vs\mdst\ConsoleApplication1\x64\Release\ConsoleApplication1.lib" /MACHINE:X64 x64\Release\point3f.obj
         x64\Release\readstlfile.obj
         x64\Release\t1.obj
         正在生成代码
         已完成代码的生成
         ConsoleApplication1.vcxproj -> D:\program\vs\mdst\ConsoleApplication1\x64\Release\ConsoleApplication1.exe
     1>已完成生成项目“D:\program\vs\mdst\ConsoleApplication1\ConsoleApplication1\ConsoleApplication1.vcxproj”(Build 个目标)的操作。

生成成功。

已用时间 00:00:25.92
